<?xml version="1.0" encoding="UTF-8"?>
<testsuite name="SILab2Test" tests="2" skipped="0" failures="0" errors="0" timestamp="2022-05-13T18:50:43" hostname="DELICIOUS" time="0.027">
  <properties/>
  <testcase name="everyStatementTestC0()" classname="SILab2Test" time="0.024"/>
  <testcase name="everyBranchTestC1()" classname="SILab2Test" time="0.002"/>
  <system-out><![CDATA[]]></system-out>
  <system-err><![CDATA[]]></system-err>
</testsuite>
